  Mineral.cpp
  SCV.cpp
  WinMain.cpp
C:\Users\LCV2242596\Documents\GitHub\VGP332\Perception\WinMain.cpp(49,45): warning C4244: 'initializing': conversion from 'uint32_t' to 'float', possible loss of data
C:\Users\LCV2242596\Documents\GitHub\VGP332\Perception\WinMain.cpp(49,26): warning C4244: 'initializing': conversion from 'uint32_t' to 'const float', possible loss of data
C:\Users\LCV2242596\Documents\GitHub\VGP332\Perception\WinMain.cpp(50,47): warning C4244: 'initializing': conversion from 'uint32_t' to 'float', possible loss of data
C:\Users\LCV2242596\Documents\GitHub\VGP332\Perception\WinMain.cpp(50,27): warning C4244: 'initializing': conversion from 'uint32_t' to 'const float', possible loss of data
C:\Program Files\Microsoft Visual Studio\2022\Community\VC\Tools\MSVC\14.38.33130\include\xmemory(723,82): error C2664: 'std::unique_ptr<SCV,std::default_delete<SCV>>::unique_ptr(const std::unique_ptr<SCV,std::default_delete<SCV>> &)': cannot convert argument 1 from '_Ty' to 'const std::unique_ptr<SCV,std::default_delete<SCV>> &'
C:\Program Files\Microsoft Visual Studio\2022\Community\VC\Tools\MSVC\14.38.33130\include\xmemory(723,82): error C2664:         with
C:\Program Files\Microsoft Visual Studio\2022\Community\VC\Tools\MSVC\14.38.33130\include\xmemory(723,82): error C2664:         [
C:\Program Files\Microsoft Visual Studio\2022\Community\VC\Tools\MSVC\14.38.33130\include\xmemory(723,82): error C2664:             _Ty=std::unique_ptr<Mineral,std::default_delete<Mineral>>
C:\Program Files\Microsoft Visual Studio\2022\Community\VC\Tools\MSVC\14.38.33130\include\xmemory(723,82): error C2664:         ]
  (compiling source file 'WinMain.cpp')
  C:\Program Files\Microsoft Visual Studio\2022\Community\VC\Tools\MSVC\14.38.33130\include\xmemory(723,103):
  Reason: cannot convert from '_Ty' to 'const std::unique_ptr<SCV,std::default_delete<SCV>>'
          with
          [
              _Ty=std::unique_ptr<Mineral,std::default_delete<Mineral>>
          ]
  C:\Program Files\Microsoft Visual Studio\2022\Community\VC\Tools\MSVC\14.38.33130\include\xmemory(723,103):
  No user-defined-conversion operator available that can perform this conversion, or the operator cannot be called
  C:\Program Files\Microsoft Visual Studio\2022\Community\VC\Tools\MSVC\14.38.33130\include\memory(3319,5):
  see declaration of 'std::unique_ptr<SCV,std::default_delete<SCV>>::unique_ptr'
  C:\Program Files\Microsoft Visual Studio\2022\Community\VC\Tools\MSVC\14.38.33130\include\memory(3246,5):
  could be 'std::unique_ptr<SCV,std::default_delete<SCV>>::unique_ptr(std::unique_ptr<_Ux,_Dx> &&) noexcept'
  	C:\Program Files\Microsoft Visual Studio\2022\Community\VC\Tools\MSVC\14.38.33130\include\xmemory(723,82):
  	'std::unique_ptr<SCV,std::default_delete<SCV>>::unique_ptr(std::unique_ptr<_Ux,_Dx> &&) noexcept': could not deduce template argument for '__formal'
  		C:\Program Files\Microsoft Visual Studio\2022\Community\VC\Tools\MSVC\14.38.33130\include\memory(3242,9):
  		'std::enable_if_t<false,int>' : Failed to specialize alias template
  C:\Program Files\Microsoft Visual Studio\2022\Community\VC\Tools\MSVC\14.38.33130\include\memory(3238,5):
  or       'std::unique_ptr<SCV,std::default_delete<SCV>>::unique_ptr(std::unique_ptr<SCV,std::default_delete<SCV>> &&) noexcept'
  	C:\Program Files\Microsoft Visual Studio\2022\Community\VC\Tools\MSVC\14.38.33130\include\xmemory(723,103):
  	'initializing': cannot convert from '_Ty' to 'std::unique_ptr<SCV,std::default_delete<SCV>> &&'
          with
          [
              _Ty=std::unique_ptr<Mineral,std::default_delete<Mineral>>
          ]
  		C:\Program Files\Microsoft Visual Studio\2022\Community\VC\Tools\MSVC\14.38.33130\include\xmemory(723,103):
  		Reason: cannot convert from '_Ty' to 'std::unique_ptr<SCV,std::default_delete<SCV>>'
          with
          [
              _Ty=std::unique_ptr<Mineral,std::default_delete<Mineral>>
          ]
  		C:\Program Files\Microsoft Visual Studio\2022\Community\VC\Tools\MSVC\14.38.33130\include\xmemory(723,103):
  		No user-defined-conversion operator available that can perform this conversion, or the operator cannot be called
  C:\Program Files\Microsoft Visual Studio\2022\Community\VC\Tools\MSVC\14.38.33130\include\memory(3235,5):
  or       'std::unique_ptr<SCV,std::default_delete<SCV>>::unique_ptr(SCV *,std::default_delete<SCV> &&)'
  	C:\Program Files\Microsoft Visual Studio\2022\Community\VC\Tools\MSVC\14.38.33130\include\xmemory(723,82):
  	'std::unique_ptr<SCV,std::default_delete<SCV>>::unique_ptr(SCV *,std::default_delete<SCV> &&)': expects 2 arguments - 1 provided
  C:\Program Files\Microsoft Visual Studio\2022\Community\VC\Tools\MSVC\14.38.33130\include\memory(3230,5):
  or       'std::unique_ptr<SCV,std::default_delete<SCV>>::unique_ptr(SCV *,_Dx &&) noexcept'
          with
          [
              _Dx=std::default_delete<SCV>
          ]
  	C:\Program Files\Microsoft Visual Studio\2022\Community\VC\Tools\MSVC\14.38.33130\include\xmemory(723,82):
  	'std::unique_ptr<SCV,std::default_delete<SCV>>::unique_ptr(SCV *,_Dx &&) noexcept': expects 2 arguments - 1 provided
          with
          [
              _Dx=std::default_delete<SCV>
          ]
  C:\Program Files\Microsoft Visual Studio\2022\Community\VC\Tools\MSVC\14.38.33130\include\memory(3226,5):
  or       'std::unique_ptr<SCV,std::default_delete<SCV>>::unique_ptr(SCV *,const _Dx &) noexcept'
          with
          [
              _Dx=std::default_delete<SCV>
          ]
  	C:\Program Files\Microsoft Visual Studio\2022\Community\VC\Tools\MSVC\14.38.33130\include\xmemory(723,82):
  	'std::unique_ptr<SCV,std::default_delete<SCV>>::unique_ptr(SCV *,const _Dx &) noexcept': expects 2 arguments - 1 provided
          with
          [
              _Dx=std::default_delete<SCV>
          ]
  C:\Program Files\Microsoft Visual Studio\2022\Community\VC\Tools\MSVC\14.38.33130\include\memory(3223,5):
  or       'std::unique_ptr<SCV,std::default_delete<SCV>>::unique_ptr(SCV *) noexcept'
  	C:\Program Files\Microsoft Visual Studio\2022\Community\VC\Tools\MSVC\14.38.33130\include\xmemory(723,103):
  	'initializing': cannot convert from '_Ty' to 'SCV *'
          with
          [
              _Ty=std::unique_ptr<Mineral,std::default_delete<Mineral>>
          ]
  		C:\Program Files\Microsoft Visual Studio\2022\Community\VC\Tools\MSVC\14.38.33130\include\xmemory(723,103):
  		No user-defined-conversion operator available that can perform this conversion, or the operator cannot be called
  C:\Program Files\Microsoft Visual Studio\2022\Community\VC\Tools\MSVC\14.38.33130\include\memory(3213,5):
  or       'std::unique_ptr<SCV,std::default_delete<SCV>>::unique_ptr(std::nullptr_t) noexcept'
  	C:\Program Files\Microsoft Visual Studio\2022\Community\VC\Tools\MSVC\14.38.33130\include\xmemory(723,103):
  	'initializing': cannot convert from '_Ty' to 'std::nullptr_t'
          with
          [
              _Ty=std::unique_ptr<Mineral,std::default_delete<Mineral>>
          ]
  		C:\Program Files\Microsoft Visual Studio\2022\Community\VC\Tools\MSVC\14.38.33130\include\xmemory(723,103):
  		No user-defined-conversion operator available that can perform this conversion, or the operator cannot be called
  C:\Program Files\Microsoft Visual Studio\2022\Community\VC\Tools\MSVC\14.38.33130\include\memory(3210,5):
  or       'std::unique_ptr<SCV,std::default_delete<SCV>>::unique_ptr(void) noexcept'
  	C:\Program Files\Microsoft Visual Studio\2022\Community\VC\Tools\MSVC\14.38.33130\include\xmemory(723,82):
  	'std::unique_ptr<SCV,std::default_delete<SCV>>::unique_ptr(void) noexcept': expects 0 arguments - 1 provided
  C:\Program Files\Microsoft Visual Studio\2022\Community\VC\Tools\MSVC\14.38.33130\include\xmemory(723,82):
  while trying to match the argument list '(_Ty)'
          with
          [
              _Ty=std::unique_ptr<Mineral,std::default_delete<Mineral>>
          ]
  C:\Program Files\Microsoft Visual Studio\2022\Community\VC\Tools\MSVC\14.38.33130\include\xmemory(723,82):
  the template instantiation context (the oldest one first) is
  	C:\Users\LCV2242596\Documents\GitHub\VGP332\Perception\WinMain.cpp(81,27):
  	see reference to function template instantiation '_Ty &std::vector<_Ty,std::allocator<_Ty>>::emplace_back<std::unique_ptr<Mineral,std::default_delete<Mineral>>>(std::unique_ptr<Mineral,std::default_delete<Mineral>> &&)' being compiled
          with
          [
              _Ty=std::unique_ptr<SCV,std::default_delete<SCV>>
          ]
  	C:\Program Files\Microsoft Visual Studio\2022\Community\VC\Tools\MSVC\14.38.33130\include\vector(862,24):
  	see reference to function template instantiation '_Ty &std::vector<_Ty,std::allocator<_Ty>>::_Emplace_one_at_back<std::unique_ptr<Mineral,std::default_delete<Mineral>>>(std::unique_ptr<Mineral,std::default_delete<Mineral>> &&)' being compiled
          with
          [
              _Ty=std::unique_ptr<SCV,std::default_delete<SCV>>
          ]
  	C:\Program Files\Microsoft Visual Studio\2022\Community\VC\Tools\MSVC\14.38.33130\include\vector(780,20):
  	see reference to function template instantiation '_Ty &std::vector<_Ty,std::allocator<_Ty>>::_Emplace_back_with_unused_capacity<std::unique_ptr<Mineral,std::default_delete<Mineral>>>(std::unique_ptr<Mineral,std::default_delete<Mineral>> &&)' being compiled
          with
          [
              _Ty=std::unique_ptr<SCV,std::default_delete<SCV>>
          ]
  	C:\Program Files\Microsoft Visual Studio\2022\Community\VC\Tools\MSVC\14.38.33130\include\vector(798,27):
  	see reference to function template instantiation 'void std::_Default_allocator_traits<_Alloc>::construct<_Ty,std::unique_ptr<Mineral,std::default_delete<Mineral>>>(_Alloc &,_Objty *const ,std::unique_ptr<Mineral,std::default_delete<Mineral>> &&)' being compiled
          with
          [
              _Alloc=std::allocator<std::unique_ptr<SCV,std::default_delete<SCV>>>,
              _Ty=std::unique_ptr<SCV,std::default_delete<SCV>>,
              _Objty=std::unique_ptr<SCV,std::default_delete<SCV>>
          ]
  
  Generating Code...
